[2019-07-05 10:48:29] Текс ошибки: Страница не найдена | Файл: C:\WorkDirectori\laragon\www\phpMaster\public\index.php | Строка: 11
=======================
[2019-07-05 10:48:29] Текс ошибки: Страница не найдена | Файл: C:\WorkDirectori\laragon\www\phpMaster\public\index.php | Строка: 11
=======================
[2019-07-05 10:55:41] Текс ошибки: Страница не найдена | Файл: C:\WorkDirectori\laragon\www\phpMaster\public\index.php | Строка: 11 | Код ошибки: 404
=======================
[2019-07-05 10:58:58] Текс ошибки: Страница не найдена | Файл: C:\WorkDirectori\laragon\www\phpMaster\public\index.php | Строка: 11 | Код ошибки: 404
=======================
[2019-07-05 10:59:19] Текс ошибки: Страница не найдена | Файл: C:\WorkDirectori\laragon\www\phpMaster\public\index.php | Строка: 11 | Код ошибки: 404
=======================
[2019-07-05 10:59:19] Текс ошибки: Страница не найдена | Файл: C:\WorkDirectori\laragon\www\phpMaster\public\index.php | Строка: 11 | Код ошибки: 404
=======================
[2019-07-05 10:59:28] Текс ошибки: Страница не найдена | Файл: C:\WorkDirectori\laragon\www\phpMaster\public\index.php | Строка: 11 | Код ошибки: 404
=======================
[2019-07-05 10:59:28] Текс ошибки: Страница не найдена | Файл: C:\WorkDirectori\laragon\www\phpMaster\public\index.php | Строка: 11 | Код ошибки: 404
=======================
[2019-07-05 11:00:16] Текс ошибки: Страница не найдена | Файл: C:\WorkDirectori\laragon\www\phpMaster\public\index.php | Строка: 11 | Код ошибки: 404
=======================
[2019-07-05 11:00:38] Текс ошибки: Страница не найдена | Файл: C:\WorkDirectori\laragon\www\phpMaster\public\index.php | Строка: 11 | Код ошибки: 404
=======================
[2019-07-05 11:00:44] Текс ошибки: Страница не найдена | Файл: C:\WorkDirectori\laragon\www\phpMaster\public\index.php | Строка: 11 | Код ошибки: 404
=======================
[2019-07-05 11:20:27] Текс ошибки: Страница не найдена | Файл: C:\WorkDirectori\laragon\www\phpMaster\public\index.php | Строка: 11 | Код ошибки: 404
=======================
[2019-07-05 11:20:38] Текс ошибки: Страница не найдена | Файл: C:\WorkDirectori\laragon\www\phpMaster\public\index.php | Строка: 11 | Код ошибки: 404
=======================
[2019-07-05 11:22:02] Текс ошибки: Страница не найдена | Файл: C:\WorkDirectori\laragon\www\phpMaster\public\index.php | Строка: 11 | Код ошибки: 404
=======================
[2019-07-05 13:47:26] Текс ошибки: Страница не найдена | Файл: C:\WorkDirectori\laragon\www\phpMaster\vendor\ishop\core\Router.php | Строка: 34 | Код ошибки: 404
=======================
[2019-07-05 13:50:00] Текс ошибки: Страница не найдена | Файл: C:\WorkDirectori\laragon\www\phpMaster\vendor\ishop\core\Router.php | Строка: 34 | Код ошибки: 404
=======================
[2019-07-05 14:12:11] Текс ошибки: Контроллер app\controllers\PageVewController не найден | Файл: C:\WorkDirectori\laragon\www\phpMaster\vendor\ishop\core\Router.php | Строка: 46 | Код ошибки: 404
=======================
[2019-07-05 14:12:19] Текс ошибки: Метод app\controllers\MainController::index не найден | Файл: C:\WorkDirectori\laragon\www\phpMaster\vendor\ishop\core\Router.php | Строка: 42 | Код ошибки: 404
=======================
[2019-07-10 06:40:34] Текс ошибки: Страница не найдена | Файл: C:\WorkDirectori\laragon\www\phpMaster\vendor\ishop\core\Router.php | Строка: 51 | Код ошибки: 404
=======================
[2019-07-10 06:40:35] Текс ошибки: Страница не найдена | Файл: C:\WorkDirectori\laragon\www\phpMaster\vendor\ishop\core\Router.php | Строка: 51 | Код ошибки: 404
=======================
[2019-08-11 13:26:53] Текс ошибки: Страница не найдена | Файл: D:\OpenServ\OSPanel\domains\phpMaster\vendor\ishop\core\Router.php | Строка: 51 | Код ошибки: 404
=======================
